2025-08-20 16:48:17,567 [INFO] Connected to Redis at localhost:6379, db=0
2025-08-20 16:48:17,571 [INFO] Cache HIT for query 'avg_delay_per_airline' (elapsed=1.51ms, TTL=1019s)
2025-08-20 16:48:17,571 [INFO] Cache MISS for query 'num_flights_per_airport' (checked in 0.0ms)
2025-08-20 16:48:28,325 [INFO] Computed query 'num_flights_per_airport' from CSV (elapsed=10753.21ms)
2025-08-20 16:48:28,375 [INFO] Cached result for query 'num_flights_per_airport' with TTL=3600s
2025-08-20 16:55:50,535 [INFO] Connected to Redis at localhost:6379, db=0
2025-08-20 16:55:50,537 [INFO] Cache HIT for query 'avg_delay_per_airline' (elapsed=0.0ms, TTL=566s)
2025-08-20 16:55:50,539 [INFO] Cache HIT for query 'num_flights_per_airport' (elapsed=0.0ms, TTL=3159s)
2025-08-20 19:03:46,739 [INFO] Connected to Redis at localhost:6379, db=0
2025-08-20 19:03:46,739 [INFO] Cache MISS for query 'query:data/flights.csv:False:False:None:None' (checked in 0.0ms)
2025-08-20 19:06:26,884 [INFO] Connected to Redis at localhost:6379, db=0
2025-08-20 19:06:26,885 [INFO] Cache MISS for query 'query:data/flights.csv:False:False:None:None' (checked in 1.0ms)
2025-08-20 19:09:05,580 [INFO] Connected to Redis at localhost:6379, db=0
2025-08-20 19:09:05,581 [INFO] Cache MISS for query 'query:data/flights.csv:False:False:None:None' (checked in 1.0ms)
2025-08-20 19:37:11,163 [INFO] Connected to Redis at localhost:6379, db=0
2025-08-20 19:37:11,164 [INFO] Cache MISS for query 'mean_ARRIVAL_DELAY_per_AIRLINE' (checked in 0.0ms)
2025-08-20 19:37:28,977 [INFO] Computed 'mean_ARRIVAL_DELAY_per_AIRLINE' from CSV in 17811.51ms
2025-08-20 19:37:28,981 [INFO] Cached result for query 'mean_ARRIVAL_DELAY_per_AIRLINE' with TTL=900s
2025-08-20 19:37:29,189 [INFO] Cache MISS for query 'max_CANCELLED_per_ORIGIN_AIRPORT' (checked in 1.51ms)
2025-08-20 19:37:41,941 [INFO] Computed 'max_CANCELLED_per_ORIGIN_AIRPORT' from CSV in 12752.38ms
2025-08-20 19:37:41,987 [INFO] Cached result for query 'max_CANCELLED_per_ORIGIN_AIRPORT' with TTL=900s
2025-08-20 19:37:42,109 [INFO] Cache MISS for query 'std_ARRIVAL_DELAY_per_AIRLINE' (checked in 2.53ms)
2025-08-20 19:37:54,828 [INFO] Computed 'std_ARRIVAL_DELAY_per_AIRLINE' from CSV in 12718.9ms
2025-08-20 19:37:54,830 [INFO] Cached result for query 'std_ARRIVAL_DELAY_per_AIRLINE' with TTL=900s
2025-08-20 19:38:21,287 [INFO] Connected to Redis at localhost:6379, db=0
2025-08-20 19:38:21,291 [INFO] Cache HIT for query 'mean_ARRIVAL_DELAY_per_AIRLINE' (elapsed=1.0ms, TTL=848s)
2025-08-20 19:38:21,293 [INFO] Cache HIT for query 'max_CANCELLED_per_ORIGIN_AIRPORT' (elapsed=1.01ms, TTL=860s)
2025-08-20 19:38:21,294 [INFO] Cache HIT for query 'std_ARRIVAL_DELAY_per_AIRLINE' (elapsed=1.13ms, TTL=874s)
2025-08-20 20:50:10,726 [INFO] Connected to Redis at localhost:6379, db=0
2025-08-20 20:50:10,729 [INFO] Cache MISS for query 'mean_ARRIVAL_DELAY_per_AIRLINE' (checked in 2.56ms)
2025-08-20 20:50:24,728 [INFO] Computed 'mean_ARRIVAL_DELAY_per_AIRLINE' from CSV in 13999.11ms
2025-08-20 20:50:24,737 [INFO] Cached result for query 'mean_ARRIVAL_DELAY_per_AIRLINE' as HASH with TTL=900s
2025-08-20 20:50:24,910 [INFO] Cache MISS for query 'max_CANCELLED_per_ORIGIN_AIRPORT' (checked in 2.0ms)
2025-08-20 20:50:38,884 [INFO] Computed 'max_CANCELLED_per_ORIGIN_AIRPORT' from CSV in 13974.57ms
2025-08-20 20:50:38,941 [INFO] Cached result for query 'max_CANCELLED_per_ORIGIN_AIRPORT' as HASH with TTL=900s
2025-08-20 20:50:39,067 [INFO] Cache MISS for query 'std_ARRIVAL_DELAY_per_AIRLINE' (checked in 2.0ms)
2025-08-20 20:50:50,374 [INFO] Computed 'std_ARRIVAL_DELAY_per_AIRLINE' from CSV in 11305.34ms
2025-08-20 20:50:50,377 [INFO] Cached result for query 'std_ARRIVAL_DELAY_per_AIRLINE' as HASH with TTL=900s
2025-08-20 20:51:34,167 [INFO] Connected to Redis at localhost:6379, db=0
2025-08-20 20:51:34,172 [INFO] Cache HIT for query 'mean_ARRIVAL_DELAY_per_AIRLINE' (elapsed=3.56ms, TTL=832s)
2025-08-20 20:51:34,178 [INFO] Cache HIT for query 'max_CANCELLED_per_ORIGIN_AIRPORT' (elapsed=4.66ms, TTL=845s)
2025-08-20 20:51:34,179 [INFO] Cache HIT for query 'std_ARRIVAL_DELAY_per_AIRLINE' (elapsed=1.0ms, TTL=857s)
2025-08-20 21:08:00,226 [INFO] Connected to Redis at localhost:6379, db=0
2025-08-20 21:08:00,228 [INFO] Cache MISS for query 'mean_ARRIVAL_DELAY_per_AIRLINE' (checked in 1.51ms)
2025-08-20 21:08:14,931 [INFO] Computed 'mean_ARRIVAL_DELAY_per_AIRLINE' from CSV in 14703.44ms
2025-08-20 21:08:14,936 [INFO] Cached result for query 'mean_ARRIVAL_DELAY_per_AIRLINE' as HASH with TTL=900s
2025-08-20 21:08:15,102 [INFO] Cache MISS for query 'mean_ARR_DELAY_per_AIRLINE', field 'AA'
2025-08-20 21:08:15,104 [INFO] Cache MISS for query 'max_CANCELLED_per_ORIGIN_AIRPORT' (checked in 1.0ms)
2025-08-20 21:08:27,299 [INFO] Computed 'max_CANCELLED_per_ORIGIN_AIRPORT' from CSV in 12194.86ms
2025-08-20 21:08:27,344 [INFO] Cached result for query 'max_CANCELLED_per_ORIGIN_AIRPORT' as HASH with TTL=900s
2025-08-20 21:08:27,478 [INFO] Cache MISS for query 'max_CANCELLED_per_AIRPORT', field 'EWR'
2025-08-20 21:08:27,480 [INFO] Cache MISS for query 'std_ARRIVAL_DELAY_per_AIRLINE' (checked in 0.52ms)
2025-08-20 21:08:38,791 [INFO] Computed 'std_ARRIVAL_DELAY_per_AIRLINE' from CSV in 11310.98ms
2025-08-20 21:08:38,794 [INFO] Cached result for query 'std_ARRIVAL_DELAY_per_AIRLINE' as HASH with TTL=900s
2025-08-20 21:08:38,912 [INFO] Cache MISS for query 'STDEV_ARRIVAL_DELAY_per_AIRLINE', field 'UA'
2025-08-20 21:10:42,453 [INFO] Connected to Redis at localhost:6379, db=0
2025-08-20 21:10:42,455 [INFO] Cache HIT for query 'mean_ARRIVAL_DELAY_per_AIRLINE' (elapsed=1.0ms, TTL=754s)
2025-08-20 21:10:42,456 [INFO] Cache MISS for query 'mean_ARR_DELAY_per_AIRLINE', field 'AA'
2025-08-20 21:10:42,460 [INFO] Cache HIT for query 'max_CANCELLED_per_ORIGIN_AIRPORT' (elapsed=3.0ms, TTL=765s)
2025-08-20 21:10:42,461 [INFO] Cache MISS for query 'max_CANCELLED_per_AIRPORT', field 'EWR'
2025-08-20 21:10:42,463 [INFO] Cache HIT for query 'std_ARRIVAL_DELAY_per_AIRLINE' (elapsed=1.0ms, TTL=778s)
2025-08-20 21:10:42,464 [INFO] Cache MISS for query 'STDEV_ARRIVAL_DELAY_per_AIRLINE', field 'UA'
2025-08-20 21:14:15,617 [INFO] Connected to Redis at localhost:6379, db=0
2025-08-20 21:14:15,619 [INFO] Cache HIT for query 'mean_ARRIVAL_DELAY_per_AIRLINE' (elapsed=1.51ms, TTL=539s)
2025-08-20 21:14:15,620 [INFO] Cache MISS for query 'mean_ARR_DELAY_per_AIRLINE', field 'AA'
2025-08-20 21:14:15,625 [INFO] Cache HIT for query 'max_CANCELLED_per_ORIGIN_AIRPORT' (elapsed=3.15ms, TTL=550s)
2025-08-20 21:14:15,626 [INFO] Cache MISS for query 'max_CANCELLED_per_AIRPORT', field 'EWR'
2025-08-20 21:14:15,628 [INFO] Cache HIT for query 'std_ARRIVAL_DELAY_per_AIRLINE' (elapsed=1.0ms, TTL=563s)
2025-08-20 21:14:15,629 [INFO] Cache MISS for query 'STDEV_ARRIVAL_DELAY_per_AIRLINE', field 'UA'
2025-08-20 21:21:30,877 [INFO] Connected to Redis at localhost:6379, db=0
2025-08-20 21:21:30,879 [INFO] Cache HIT for query 'mean_ARRIVAL_DELAY_per_AIRLINE' (elapsed=1.0ms, TTL=105s)
2025-08-20 21:21:30,881 [INFO] Cache HIT for query 'mean_ARRIVAL_DELAY_per_AIRLINE', field 'AA' (elapsed=1.0ms, TTL=105s)
2025-08-20 21:21:30,885 [INFO] Cache HIT for query 'max_CANCELLED_per_ORIGIN_AIRPORT' (elapsed=3.76ms, TTL=116s)
2025-08-20 21:21:30,887 [INFO] Cache HIT for query 'max_CANCELLED_per_ORIGIN_AIRPORT', field 'EWR' (elapsed=1.0ms, TTL=116s)
2025-08-20 21:21:30,889 [INFO] Cache HIT for query 'std_ARRIVAL_DELAY_per_AIRLINE' (elapsed=0.0ms, TTL=129s)
2025-08-20 21:21:30,890 [INFO] Cache HIT for query 'std_ARRIVAL_DELAY_per_AIRLINE', field 'UA' (elapsed=1.0ms, TTL=129s)
2025-08-21 07:35:56,052 [INFO] Connected to Redis at localhost:6379, db=0
2025-08-21 07:35:56,053 [INFO] Cache MISS for query 'mean_ARRIVAL_DELAY_per_AIRLINE' (checked in 0.53ms)
2025-08-21 07:36:08,313 [INFO] Computed 'mean_ARRIVAL_DELAY_per_AIRLINE' from CSV in 12259.58ms
2025-08-21 07:36:08,317 [INFO] Cached result for query 'mean_ARRIVAL_DELAY_per_AIRLINE' as HASH with TTL=900s
2025-08-21 07:36:08,486 [INFO] Cache HIT for query 'mean_ARRIVAL_DELAY_per_AIRLINE', field 'AA' (elapsed=2.51ms, TTL=900s)
2025-08-21 07:36:08,487 [INFO] Cache MISS for query 'max_CANCELLED_per_ORIGIN_AIRPORT' (checked in 1.01ms)
2025-08-21 07:36:19,152 [INFO] Computed 'max_CANCELLED_per_ORIGIN_AIRPORT' from CSV in 10665.21ms
2025-08-21 07:36:19,201 [INFO] Cached result for query 'max_CANCELLED_per_ORIGIN_AIRPORT' as HASH with TTL=900s
2025-08-21 07:36:19,325 [INFO] Cache HIT for query 'max_CANCELLED_per_ORIGIN_AIRPORT', field 'EWR' (elapsed=3.22ms, TTL=900s)
2025-08-21 07:36:19,327 [INFO] Cache MISS for query 'std_ARRIVAL_DELAY_per_AIRLINE' (checked in 1.34ms)
2025-08-21 07:36:29,251 [INFO] Computed 'std_ARRIVAL_DELAY_per_AIRLINE' from CSV in 9922.54ms
2025-08-21 07:36:29,255 [INFO] Cached result for query 'std_ARRIVAL_DELAY_per_AIRLINE' as HASH with TTL=900s
2025-08-21 07:36:29,377 [INFO] Cache HIT for query 'std_ARRIVAL_DELAY_per_AIRLINE', field 'UA' (elapsed=4.0ms, TTL=900s)
2025-08-21 07:38:17,426 [INFO] Connected to Redis at localhost:6379, db=0
2025-08-21 07:38:17,427 [INFO] Cache HIT for query 'mean_ARRIVAL_DELAY_per_AIRLINE' (elapsed=1.0ms, TTL=771s)
2025-08-21 07:38:17,429 [INFO] Cache HIT for query 'mean_ARRIVAL_DELAY_per_AIRLINE', field 'AA' (elapsed=1.0ms, TTL=771s)
2025-08-21 07:38:17,433 [INFO] Cache HIT for query 'max_CANCELLED_per_ORIGIN_AIRPORT' (elapsed=2.5ms, TTL=781s)
2025-08-21 07:38:17,434 [INFO] Cache HIT for query 'max_CANCELLED_per_ORIGIN_AIRPORT', field 'EWR' (elapsed=1.14ms, TTL=781s)
2025-08-21 07:38:17,436 [INFO] Cache HIT for query 'std_ARRIVAL_DELAY_per_AIRLINE' (elapsed=1.0ms, TTL=792s)
2025-08-21 07:38:17,437 [INFO] Cache HIT for query 'std_ARRIVAL_DELAY_per_AIRLINE', field 'UA' (elapsed=1.0ms, TTL=792s)
2025-08-21 07:38:17,439 [INFO] Invalidated cache for query 'mean_ARRIVAL_DELAY_per_AIRLINE'
2025-08-21 07:38:31,449 [INFO] Connected to Redis at localhost:6379, db=0
2025-08-21 07:38:31,450 [INFO] Cache MISS for query 'mean_ARRIVAL_DELAY_per_AIRLINE' (checked in 0.0ms)
2025-08-21 07:38:41,550 [INFO] Computed 'mean_ARRIVAL_DELAY_per_AIRLINE' from CSV in 10099.67ms
2025-08-21 07:38:41,552 [INFO] Cached result for query 'mean_ARRIVAL_DELAY_per_AIRLINE' as HASH with TTL=900s
2025-08-21 07:38:41,665 [INFO] Cache HIT for query 'mean_ARRIVAL_DELAY_per_AIRLINE', field 'AA' (elapsed=3.0ms, TTL=900s)
2025-08-21 07:38:41,673 [INFO] Cache HIT for query 'max_CANCELLED_per_ORIGIN_AIRPORT' (elapsed=5.01ms, TTL=757s)
2025-08-21 07:38:41,677 [INFO] Cache HIT for query 'max_CANCELLED_per_ORIGIN_AIRPORT', field 'EWR' (elapsed=2.52ms, TTL=757s)
2025-08-21 07:38:41,681 [INFO] Cache HIT for query 'std_ARRIVAL_DELAY_per_AIRLINE' (elapsed=2.0ms, TTL=768s)
2025-08-21 07:38:41,684 [INFO] Cache HIT for query 'std_ARRIVAL_DELAY_per_AIRLINE', field 'UA' (elapsed=1.36ms, TTL=768s)
2025-08-21 07:38:41,685 [INFO] Invalidated cache for query 'mean_ARRIVAL_DELAY_per_AIRLINE'
2025-08-21 07:40:31,261 [INFO] Connected to Redis at localhost:6379, db=0
2025-08-21 07:40:31,262 [INFO] Cache MISS for query 'mean_ARRIVAL_DELAY_per_AIRLINE' (checked in 0.0ms)
2025-08-21 07:40:41,461 [INFO] Computed 'mean_ARRIVAL_DELAY_per_AIRLINE' from CSV in 10198.12ms
2025-08-21 07:40:41,463 [INFO] Cached result for query 'mean_ARRIVAL_DELAY_per_AIRLINE' as HASH with TTL=900s
2025-08-21 07:40:41,584 [INFO] Cache HIT for query 'mean_ARRIVAL_DELAY_per_AIRLINE', field 'AA' (elapsed=4.62ms, TTL=900s)
2025-08-21 07:40:41,591 [INFO] Cache HIT for query 'max_CANCELLED_per_ORIGIN_AIRPORT' (elapsed=5.11ms, TTL=636s)
2025-08-21 07:40:41,595 [INFO] Cache HIT for query 'max_CANCELLED_per_ORIGIN_AIRPORT', field 'EWR' (elapsed=1.34ms, TTL=636s)
2025-08-21 07:40:41,599 [INFO] Cache HIT for query 'std_ARRIVAL_DELAY_per_AIRLINE' (elapsed=2.43ms, TTL=647s)
2025-08-21 07:40:41,604 [INFO] Cache HIT for query 'std_ARRIVAL_DELAY_per_AIRLINE', field 'UA' (elapsed=3.0ms, TTL=647s)
2025-08-21 07:40:41,605 [INFO] Invalidated cache for query 'mean_ARRIVAL_DELAY_per_AIRLINE'
2025-08-21 07:40:41,607 [INFO] Cleared 2 cached queries (prefix='cache:*')
2025-08-21 07:41:10,378 [INFO] Connected to Redis at localhost:6379, db=0
2025-08-21 07:41:10,379 [INFO] Cache MISS for query 'mean_ARRIVAL_DELAY_per_AIRLINE' (checked in 0.0ms)
2025-08-21 07:41:20,562 [INFO] Computed 'mean_ARRIVAL_DELAY_per_AIRLINE' from CSV in 10183.27ms
2025-08-21 07:41:20,566 [INFO] Cached result for query 'mean_ARRIVAL_DELAY_per_AIRLINE' as HASH with TTL=900s
2025-08-21 07:41:20,678 [INFO] Cache HIT for query 'mean_ARRIVAL_DELAY_per_AIRLINE', field 'AA' (elapsed=3.0ms, TTL=900s)
2025-08-21 07:41:20,679 [INFO] Cache MISS for query 'max_CANCELLED_per_ORIGIN_AIRPORT' (checked in 1.01ms)
2025-08-21 07:41:30,646 [INFO] Computed 'max_CANCELLED_per_ORIGIN_AIRPORT' from CSV in 9965.76ms
2025-08-21 07:41:30,690 [INFO] Cached result for query 'max_CANCELLED_per_ORIGIN_AIRPORT' as HASH with TTL=900s
2025-08-21 07:41:30,807 [INFO] Cache HIT for query 'max_CANCELLED_per_ORIGIN_AIRPORT', field 'EWR' (elapsed=3.3ms, TTL=900s)
2025-08-21 07:41:30,809 [INFO] Cache MISS for query 'std_ARRIVAL_DELAY_per_AIRLINE' (checked in 1.51ms)
2025-08-21 07:41:40,721 [INFO] Computed 'std_ARRIVAL_DELAY_per_AIRLINE' from CSV in 9911.78ms
2025-08-21 07:41:40,724 [INFO] Cached result for query 'std_ARRIVAL_DELAY_per_AIRLINE' as HASH with TTL=900s
2025-08-21 07:41:40,839 [INFO] Cache HIT for query 'std_ARRIVAL_DELAY_per_AIRLINE', field 'UA' (elapsed=4.02ms, TTL=900s)
2025-08-21 07:57:49,915 [INFO] Connected to Redis at localhost:6379, db=0
2025-08-21 07:57:49,915 [INFO] Cache MISS for query 'mean_ARRIVAL_DELAY_per_AIRLINE' (checked in 0.0ms)
2025-08-21 07:58:01,373 [INFO] Computed 'mean_ARRIVAL_DELAY_per_AIRLINE' from CSV in 11456.67ms
2025-08-21 07:58:01,376 [INFO] Cached result for query 'mean_ARRIVAL_DELAY_per_AIRLINE' as HASH with TTL=900s
2025-08-21 07:58:01,528 [INFO] Cache HIT for query 'mean_ARRIVAL_DELAY_per_AIRLINE', field 'AA' (elapsed=2.0ms, TTL=900s)
2025-08-21 07:58:01,529 [INFO] Cache MISS for query 'max_CANCELLED_per_ORIGIN_AIRPORT' (checked in 1.0ms)
2025-08-21 07:58:12,118 [INFO] Computed 'max_CANCELLED_per_ORIGIN_AIRPORT' from CSV in 10589.16ms
2025-08-21 07:58:12,163 [INFO] Cached result for query 'max_CANCELLED_per_ORIGIN_AIRPORT' as HASH with TTL=900s
2025-08-21 07:58:12,288 [INFO] Cache HIT for query 'max_CANCELLED_per_ORIGIN_AIRPORT', field 'EWR' (elapsed=3.0ms, TTL=900s)
2025-08-21 07:58:12,290 [INFO] Cache MISS for query 'std_ARRIVAL_DELAY_per_AIRLINE' (checked in 1.01ms)
2025-08-21 07:58:22,814 [INFO] Computed 'std_ARRIVAL_DELAY_per_AIRLINE' from CSV in 10524.22ms
2025-08-21 07:58:22,816 [INFO] Cached result for query 'std_ARRIVAL_DELAY_per_AIRLINE' as HASH with TTL=900s
2025-08-21 07:58:22,932 [INFO] Cache HIT for query 'std_ARRIVAL_DELAY_per_AIRLINE', field 'UA' (elapsed=2.52ms, TTL=900s)
2025-08-21 07:03:40,798 [ERROR] Redis Connection Error: Error 111 connecting to localhost:6379. Connection refused.
2025-08-21 08:27:10,833 [ERROR] Redis Connection Error: Error -2 connecting to redis:6379. Name or service not known.
2025-08-21 08:30:06,578 [INFO] Connected to Redis at redis_cache:6379, db=0
2025-08-21 08:30:06,579 [INFO] Cache MISS for query 'mean_ARRIVAL_DELAY_per_AIRLINE' (checked in 0.53ms)
2025-08-21 08:30:26,231 [INFO] Computed 'mean_ARRIVAL_DELAY_per_AIRLINE' from CSV in 19652.3ms
2025-08-21 08:30:26,242 [INFO] Cached result for query 'mean_ARRIVAL_DELAY_per_AIRLINE' as HASH with TTL=900s
2025-08-21 08:30:26,333 [INFO] Cache HIT for query 'mean_ARRIVAL_DELAY_per_AIRLINE', field 'AA' (elapsed=0.61ms, TTL=900s)
2025-08-21 08:30:26,334 [INFO] Cache MISS for query 'max_CANCELLED_per_ORIGIN_AIRPORT' (checked in 0.22ms)
2025-08-21 08:30:42,863 [INFO] Computed 'max_CANCELLED_per_ORIGIN_AIRPORT' from CSV in 16528.08ms
2025-08-21 08:30:42,867 [INFO] Cached result for query 'max_CANCELLED_per_ORIGIN_AIRPORT' as HASH with TTL=900s
2025-08-21 08:30:42,965 [INFO] Cache HIT for query 'max_CANCELLED_per_ORIGIN_AIRPORT', field 'EWR' (elapsed=0.86ms, TTL=900s)
2025-08-21 08:30:42,965 [INFO] Cache MISS for query 'std_ARRIVAL_DELAY_per_AIRLINE' (checked in 0.21ms)
2025-08-21 08:30:58,679 [INFO] Computed 'std_ARRIVAL_DELAY_per_AIRLINE' from CSV in 15713.31ms
2025-08-21 08:30:58,681 [INFO] Cached result for query 'std_ARRIVAL_DELAY_per_AIRLINE' as HASH with TTL=900s
2025-08-21 08:30:58,771 [INFO] Cache HIT for query 'std_ARRIVAL_DELAY_per_AIRLINE', field 'UA' (elapsed=0.63ms, TTL=900s)
2025-08-21 08:43:39,185 [INFO] Connected to Redis at redis_cache:6379, db=0
2025-08-21 08:43:39,186 [INFO] Cache HIT for query 'mean_ARRIVAL_DELAY_per_AIRLINE' (elapsed=0.54ms, TTL=107s)
2025-08-21 08:43:39,187 [INFO] Cache HIT for query 'mean_ARRIVAL_DELAY_per_AIRLINE', field 'AA' (elapsed=0.45ms, TTL=107s)
2025-08-21 08:43:39,190 [INFO] Cache HIT for query 'max_CANCELLED_per_ORIGIN_AIRPORT' (elapsed=1.62ms, TTL=124s)
2025-08-21 08:43:39,190 [INFO] Cache HIT for query 'max_CANCELLED_per_ORIGIN_AIRPORT', field 'EWR' (elapsed=0.35ms, TTL=124s)
2025-08-21 08:43:39,191 [INFO] Cache HIT for query 'std_ARRIVAL_DELAY_per_AIRLINE' (elapsed=0.39ms, TTL=139s)
2025-08-21 08:43:39,192 [INFO] Cache HIT for query 'std_ARRIVAL_DELAY_per_AIRLINE', field 'UA' (elapsed=0.35ms, TTL=139s)
2025-08-21 08:48:43,744 [INFO] Connected to Redis at redis_cache:6379, db=0
2025-08-21 08:48:43,745 [INFO] Cache MISS for query 'mean_ARRIVAL_DELAY_per_AIRLINE' (checked in 0.17ms)
2025-08-21 08:49:01,298 [INFO] Computed 'mean_ARRIVAL_DELAY_per_AIRLINE' from CSV in 17553.07ms
2025-08-21 08:49:01,301 [INFO] Cached result for query 'mean_ARRIVAL_DELAY_per_AIRLINE' as HASH with TTL=900s
2025-08-21 08:49:01,377 [INFO] Cache HIT for query 'mean_ARRIVAL_DELAY_per_AIRLINE', field 'AA' (elapsed=1.15ms, TTL=900s)
2025-08-21 08:49:01,377 [INFO] Cache MISS for query 'max_CANCELLED_per_ORIGIN_AIRPORT' (checked in 0.21ms)
2025-08-21 08:49:16,270 [INFO] Computed 'max_CANCELLED_per_ORIGIN_AIRPORT' from CSV in 14892.22ms
2025-08-21 08:49:16,273 [INFO] Cached result for query 'max_CANCELLED_per_ORIGIN_AIRPORT' as HASH with TTL=900s
2025-08-21 08:49:16,351 [INFO] Cache HIT for query 'max_CANCELLED_per_ORIGIN_AIRPORT', field 'EWR' (elapsed=0.83ms, TTL=900s)
2025-08-21 08:49:16,352 [INFO] Cache MISS for query 'std_ARRIVAL_DELAY_per_AIRLINE' (checked in 0.24ms)
2025-08-21 08:49:31,920 [INFO] Computed 'std_ARRIVAL_DELAY_per_AIRLINE' from CSV in 15567.57ms
2025-08-21 08:49:31,923 [INFO] Cached result for query 'std_ARRIVAL_DELAY_per_AIRLINE' as HASH with TTL=900s
2025-08-21 08:49:32,013 [INFO] Cache HIT for query 'std_ARRIVAL_DELAY_per_AIRLINE', field 'UA' (elapsed=1.21ms, TTL=900s)
2025-08-21 08:59:09,121 [INFO] Connected to Redis at redis_cache:6379, db=0
2025-08-21 08:59:09,122 [INFO] Cache HIT for query 'mean_ARRIVAL_DELAY_per_AIRLINE' (elapsed=0.54ms, TTL=292s)
2025-08-21 08:59:09,123 [INFO] Cache HIT for query 'mean_ARRIVAL_DELAY_per_AIRLINE', field 'AA' (elapsed=0.43ms, TTL=292s)
2025-08-21 08:59:09,125 [INFO] Cache HIT for query 'max_CANCELLED_per_ORIGIN_AIRPORT' (elapsed=1.74ms, TTL=307s)
2025-08-21 08:59:09,126 [INFO] Cache HIT for query 'max_CANCELLED_per_ORIGIN_AIRPORT', field 'EWR' (elapsed=0.4ms, TTL=307s)
2025-08-21 08:59:09,127 [INFO] Cache HIT for query 'std_ARRIVAL_DELAY_per_AIRLINE' (elapsed=0.42ms, TTL=323s)
2025-08-21 08:59:09,128 [INFO] Cache HIT for query 'std_ARRIVAL_DELAY_per_AIRLINE', field 'UA' (elapsed=0.36ms, TTL=323s)
2025-08-21 09:07:39,910 [INFO] Connected to Redis at redis_cache:6379, db=0
2025-08-21 09:07:39,911 [INFO] Cache MISS for query 'mean_ARRIVAL_DELAY_per_AIRLINE' (checked in 0.24ms)
2025-08-21 09:07:57,162 [INFO] Computed 'mean_ARRIVAL_DELAY_per_AIRLINE' from CSV in 17250.81ms
2025-08-21 09:07:57,168 [INFO] Cached result for query 'mean_ARRIVAL_DELAY_per_AIRLINE' as HASH with TTL=900s
2025-08-21 09:07:57,259 [INFO] Cache HIT for query 'mean_ARRIVAL_DELAY_per_AIRLINE', field 'AA' (elapsed=1.13ms, TTL=900s)
2025-08-21 09:07:57,259 [INFO] Cache MISS for query 'max_CANCELLED_per_ORIGIN_AIRPORT' (checked in 0.19ms)
2025-08-21 09:08:12,326 [INFO] Computed 'max_CANCELLED_per_ORIGIN_AIRPORT' from CSV in 15066.16ms
2025-08-21 09:08:12,330 [INFO] Cached result for query 'max_CANCELLED_per_ORIGIN_AIRPORT' as HASH with TTL=900s
2025-08-21 09:08:12,425 [INFO] Cache HIT for query 'max_CANCELLED_per_ORIGIN_AIRPORT', field 'EWR' (elapsed=0.69ms, TTL=900s)
2025-08-21 09:08:12,426 [INFO] Cache MISS for query 'std_ARRIVAL_DELAY_per_AIRLINE' (checked in 0.21ms)
2025-08-21 09:08:27,589 [INFO] Computed 'std_ARRIVAL_DELAY_per_AIRLINE' from CSV in 15162.4ms
2025-08-21 09:08:27,591 [INFO] Cached result for query 'std_ARRIVAL_DELAY_per_AIRLINE' as HASH with TTL=900s
2025-08-21 09:08:27,675 [INFO] Cache HIT for query 'std_ARRIVAL_DELAY_per_AIRLINE', field 'UA' (elapsed=0.73ms, TTL=900s)
2025-08-21 09:19:41,635 [INFO] Connected to Redis at redis_cache:6379, db=0
2025-08-21 09:19:41,637 [INFO] Cache HIT for query 'mean_ARRIVAL_DELAY_per_AIRLINE' (elapsed=0.65ms, TTL=196s)
2025-08-21 09:19:41,638 [INFO] Cache HIT for query 'mean_ARRIVAL_DELAY_per_AIRLINE', field 'AA' (elapsed=0.41ms, TTL=196s)
2025-08-21 09:19:41,640 [INFO] Cache HIT for query 'max_CANCELLED_per_ORIGIN_AIRPORT' (elapsed=1.75ms, TTL=211s)
2025-08-21 09:19:41,641 [INFO] Cache HIT for query 'max_CANCELLED_per_ORIGIN_AIRPORT', field 'EWR' (elapsed=0.36ms, TTL=211s)
2025-08-21 09:19:41,642 [INFO] Cache HIT for query 'std_ARRIVAL_DELAY_per_AIRLINE' (elapsed=0.49ms, TTL=226s)
2025-08-21 09:19:41,643 [INFO] Cache HIT for query 'std_ARRIVAL_DELAY_per_AIRLINE', field 'UA' (elapsed=0.45ms, TTL=226s)
2025-08-21 09:40:34,291 [INFO] Connected to Redis at redis_cache:6379, db=0
2025-08-21 09:40:34,292 [INFO] Cache MISS for query 'mean_ARRIVAL_DELAY_per_AIRLINE' (checked in 0.25ms)
2025-08-21 09:40:52,023 [INFO] Computed 'mean_ARRIVAL_DELAY_per_AIRLINE' from CSV in 17731.25ms
2025-08-21 09:40:52,026 [INFO] Cached result for query 'mean_ARRIVAL_DELAY_per_AIRLINE' as HASH with TTL=900s
2025-08-21 09:40:52,112 [INFO] Cache HIT for query 'mean_ARRIVAL_DELAY_per_AIRLINE', field 'AA' (elapsed=0.96ms, TTL=900s)
2025-08-21 09:40:52,113 [INFO] Cache MISS for query 'max_CANCELLED_per_ORIGIN_AIRPORT' (checked in 0.26ms)
2025-08-21 09:41:08,675 [INFO] Computed 'max_CANCELLED_per_ORIGIN_AIRPORT' from CSV in 16561.07ms
2025-08-21 09:41:08,679 [INFO] Cached result for query 'max_CANCELLED_per_ORIGIN_AIRPORT' as HASH with TTL=900s
2025-08-21 09:41:08,756 [INFO] Cache HIT for query 'max_CANCELLED_per_ORIGIN_AIRPORT', field 'EWR' (elapsed=1.16ms, TTL=900s)
2025-08-21 09:41:08,757 [INFO] Cache MISS for query 'std_ARRIVAL_DELAY_per_AIRLINE' (checked in 0.3ms)
2025-08-21 09:41:24,824 [INFO] Computed 'std_ARRIVAL_DELAY_per_AIRLINE' from CSV in 16066.4ms
2025-08-21 09:41:24,826 [INFO] Cached result for query 'std_ARRIVAL_DELAY_per_AIRLINE' as HASH with TTL=900s
2025-08-21 09:41:24,908 [INFO] Cache HIT for query 'std_ARRIVAL_DELAY_per_AIRLINE', field 'UA' (elapsed=0.72ms, TTL=900s)
2025-08-21 09:48:59,855 [INFO] Connected to Redis at redis_cache:6379, db=0
2025-08-21 09:48:59,856 [INFO] Cache HIT for query 'mean_ARRIVAL_DELAY_per_AIRLINE' (elapsed=0.59ms, TTL=412s)
2025-08-21 09:48:59,857 [INFO] Cache HIT for query 'mean_ARRIVAL_DELAY_per_AIRLINE', field 'AA' (elapsed=0.47ms, TTL=412s)
2025-08-21 09:48:59,859 [INFO] Cache HIT for query 'max_CANCELLED_per_ORIGIN_AIRPORT' (elapsed=1.85ms, TTL=429s)
2025-08-21 09:48:59,860 [INFO] Cache HIT for query 'max_CANCELLED_per_ORIGIN_AIRPORT', field 'EWR' (elapsed=0.56ms, TTL=429s)
2025-08-21 09:48:59,861 [INFO] Cache HIT for query 'std_ARRIVAL_DELAY_per_AIRLINE' (elapsed=0.41ms, TTL=445s)
2025-08-21 09:48:59,862 [INFO] Cache HIT for query 'std_ARRIVAL_DELAY_per_AIRLINE', field 'UA' (elapsed=0.38ms, TTL=445s)
2025-08-21 09:56:11,486 [INFO] Connected to Redis at redis_cache:6379, db=0
2025-08-21 09:56:11,487 [INFO] Cache MISS for query 'mean_ARRIVAL_DELAY_per_AIRLINE' (checked in 0.23ms)
2025-08-21 09:56:28,362 [INFO] Computed 'mean_ARRIVAL_DELAY_per_AIRLINE' from CSV in 16874.88ms
2025-08-21 09:56:28,364 [INFO] Cached result for query 'mean_ARRIVAL_DELAY_per_AIRLINE' as HASH with TTL=900s
2025-08-21 09:56:28,439 [INFO] Cache HIT for query 'mean_ARRIVAL_DELAY_per_AIRLINE', field 'AA' (elapsed=0.64ms, TTL=900s)
2025-08-21 09:56:28,439 [INFO] Cache MISS for query 'max_CANCELLED_per_ORIGIN_AIRPORT' (checked in 0.25ms)
2025-08-21 09:56:44,294 [INFO] Computed 'max_CANCELLED_per_ORIGIN_AIRPORT' from CSV in 15854.39ms
2025-08-21 09:56:44,298 [INFO] Cached result for query 'max_CANCELLED_per_ORIGIN_AIRPORT' as HASH with TTL=900s
2025-08-21 09:56:44,395 [INFO] Cache HIT for query 'max_CANCELLED_per_ORIGIN_AIRPORT', field 'EWR' (elapsed=0.69ms, TTL=900s)
2025-08-21 09:56:44,396 [INFO] Cache MISS for query 'std_ARRIVAL_DELAY_per_AIRLINE' (checked in 0.27ms)
2025-08-21 09:56:59,419 [INFO] Computed 'std_ARRIVAL_DELAY_per_AIRLINE' from CSV in 15022.75ms
2025-08-21 09:56:59,420 [INFO] Cached result for query 'std_ARRIVAL_DELAY_per_AIRLINE' as HASH with TTL=900s
2025-08-21 09:56:59,511 [INFO] Cache HIT for query 'std_ARRIVAL_DELAY_per_AIRLINE', field 'UA' (elapsed=0.61ms, TTL=900s)
2025-08-21 12:07:06,625 [INFO] Connected to Redis at redis_cache:6379, db=0
2025-08-21 12:07:06,626 [INFO] Cache HIT for query 'mean_ARRIVAL_DELAY_per_AIRLINE' (elapsed=0.57ms, TTL=262s)
2025-08-21 12:07:06,627 [INFO] Cache HIT for query 'mean_ARRIVAL_DELAY_per_AIRLINE', field 'AA' (elapsed=0.39ms, TTL=262s)
2025-08-21 12:07:06,629 [INFO] Cache HIT for query 'max_CANCELLED_per_ORIGIN_AIRPORT' (elapsed=1.67ms, TTL=278s)
2025-08-21 12:07:06,630 [INFO] Cache HIT for query 'max_CANCELLED_per_ORIGIN_AIRPORT', field 'EWR' (elapsed=0.39ms, TTL=278s)
2025-08-21 12:07:06,631 [INFO] Cache HIT for query 'std_ARRIVAL_DELAY_per_AIRLINE' (elapsed=0.42ms, TTL=293s)
2025-08-21 12:07:06,632 [INFO] Cache HIT for query 'std_ARRIVAL_DELAY_per_AIRLINE', field 'UA' (elapsed=0.35ms, TTL=293s)
2025-08-21 12:45:15,565 [INFO] Connected to Redis at redis_cache:6379, db=0
2025-08-21 12:45:15,565 [INFO] Cache MISS for query 'mean_ARRIVAL_DELAY_per_AIRLINE' (checked in 0.27ms)
2025-08-21 12:45:30,551 [INFO] Computed 'mean_ARRIVAL_DELAY_per_AIRLINE' from CSV in 14985.33ms
2025-08-21 12:45:30,555 [INFO] Cached result for query 'mean_ARRIVAL_DELAY_per_AIRLINE' as HASH with TTL=900s
2025-08-21 12:45:30,636 [INFO] Cache HIT for query 'mean_ARRIVAL_DELAY_per_AIRLINE', field 'AA' (elapsed=1.11ms, TTL=900s)
2025-08-21 12:45:30,637 [INFO] Cache MISS for query 'max_CANCELLED_per_ORIGIN_AIRPORT' (checked in 0.42ms)
2025-08-21 12:45:46,679 [INFO] Computed 'max_CANCELLED_per_ORIGIN_AIRPORT' from CSV in 16040.89ms
2025-08-21 12:45:46,683 [INFO] Cached result for query 'max_CANCELLED_per_ORIGIN_AIRPORT' as HASH with TTL=900s
2025-08-21 12:45:46,763 [INFO] Cache HIT for query 'max_CANCELLED_per_ORIGIN_AIRPORT', field 'EWR' (elapsed=1.23ms, TTL=900s)
2025-08-21 12:45:46,764 [INFO] Cache MISS for query 'std_ARRIVAL_DELAY_per_AIRLINE' (checked in 0.26ms)
2025-08-21 12:46:02,043 [INFO] Computed 'std_ARRIVAL_DELAY_per_AIRLINE' from CSV in 15279.0ms
2025-08-21 12:46:02,045 [INFO] Cached result for query 'std_ARRIVAL_DELAY_per_AIRLINE' as HASH with TTL=900s
2025-08-21 12:46:02,123 [INFO] Cache HIT for query 'std_ARRIVAL_DELAY_per_AIRLINE', field 'UA' (elapsed=0.67ms, TTL=900s)
2025-08-21 12:46:41,041 [INFO] Connected to Redis at redis_cache:6379, db=0
2025-08-21 12:46:41,043 [INFO] Cache HIT for query 'mean_ARRIVAL_DELAY_per_AIRLINE' (elapsed=0.56ms, TTL=830s)
2025-08-21 12:46:41,044 [INFO] Cache HIT for query 'mean_ARRIVAL_DELAY_per_AIRLINE', field 'AA' (elapsed=0.46ms, TTL=830s)
2025-08-21 12:46:41,046 [INFO] Cache HIT for query 'max_CANCELLED_per_ORIGIN_AIRPORT' (elapsed=1.63ms, TTL=846s)
2025-08-21 12:46:41,047 [INFO] Cache HIT for query 'max_CANCELLED_per_ORIGIN_AIRPORT', field 'EWR' (elapsed=0.43ms, TTL=846s)
2025-08-21 12:46:41,048 [INFO] Cache HIT for query 'std_ARRIVAL_DELAY_per_AIRLINE' (elapsed=0.48ms, TTL=861s)
2025-08-21 12:46:41,048 [INFO] Cache HIT for query 'std_ARRIVAL_DELAY_per_AIRLINE', field 'UA' (elapsed=0.32ms, TTL=861s)
2025-08-21 12:46:41,049 [INFO] Invalidated cache for query 'mean_ARRIVAL_DELAY_per_AIRLINE'
2025-08-21 12:46:41,051 [INFO] Cleared 2 cached queries (prefix='cache:*')
